<?xml version="1.0" encoding="UTF-8"?>
<!-- Generated by org.testng.reporters.JUnitReportReporter -->
<testsuite skipped="0" hostname="hp" name="com.amazon.tests.PurchaseItem" tests="1" failures="0" timestamp="09 May 2020 14:20:21 GMT" time="140.338" errors="0">
  <testcase name="purchaseItem" time="140.338" classname="com.amazon.tests.PurchaseItem"/>
</testsuite> <!-- com.amazon.tests.PurchaseItem -->
